<?xml version="1.0" encoding="UTF-8"?>
<testsuites name="Core" time="0" tests="1" failures="0" errors="0">
   <testsuite name="Core" tests="1" failures="0" errors="0" time="0" timestamp="2017-12-26 15:44:16" hostname="Yassar - Yassar-PC" id="Test Suites/Core">
      <properties>
         <property name="deviceName" value=""/>
         <property name="devicePlatform" value=""/>
         <property name="logFolder" value="D:\\Katalon\\Sephora\\Sephora\\Reports\\Core\\20171226_154415"/>
         <property name="logFiles" value="D:\\Katalon\\Sephora\\Sephora\\Reports\\Core\\20171226_154415\\execution0.log"/>
         <property name="attachments" value=""/>
         <property name="hostName" value="Yassar - Yassar-PC"/>
         <property name="hostAddress" value="192.168.1.197"/>
         <property name="os" value="Windows 7 64bit"/>
         <property name="katalonVersion" value="5.2.0.1"/>
      </properties>
      <testcase name="Test Cases/AllCases/My Account/SEP_FA_CustomerLogin - Iteration 1" classname="Test Cases/AllCases/My Account/SEP_FA_CustomerLogin" status="PASSED">
         <system-out><![CDATA[2017-12-26 15:44:17 - [TEST_CASE][PASSED] - Test Cases/AllCases/My Account/SEP_FA_CustomerLogin - Iteration 1: null]]></system-out>
         <system-err><![CDATA[]]></system-err>
      </testcase>
      <system-out><![CDATA[2017-12-26 15:44:16 - [TEST_SUITE][INCOMPLETE] - Core: null]]></system-out>
      <system-err><![CDATA[2017-12-26 15:44:16 - [TEST_SUITE][INCOMPLETE] - Core: null]]></system-err>
   </testsuite>
</testsuites>
