<?xml version="1.0" encoding="UTF-8"?>
<testsuites name="Core" time="162" tests="4" failures="0" errors="0">
   <testsuite name="Core" tests="4" failures="0" errors="0" time="162" timestamp="2017-12-26 16:12:46" hostname="Yassar - Yassar-PC" id="Test Suites/Core">
      <properties>
         <property name="deviceName" value=""/>
         <property name="devicePlatform" value=""/>
         <property name="logFolder" value="D:\\Katalon\\Sephora\\Sephora\\Reports\\Core\\20171226_161244"/>
         <property name="logFiles" value="D:\\Katalon\\Sephora\\Sephora\\Reports\\Core\\20171226_161244\\execution0.log"/>
         <property name="attachments" value=""/>
         <property name="hostName" value="Yassar - Yassar-PC"/>
         <property name="os" value="Windows 7 64bit"/>
         <property name="katalonVersion" value="5.2.0.1"/>
         <property name="browser" value="Chrome 63.0.3239.108"/>
         <property name="hostAddress" value="192.168.1.197"/>
         <property name="sessionId" value="de3ead9b9d7e9989a08f5cac1e438bb1"/>
         <property name="seleniumVersion" value="3.7.1"/>
         <property name="proxyInformation" value="ProxyInformation{proxyOption=NO_PROXY, proxyServerType=HTTP, password=, proxyServerAddress=, proxyServerPort=0}"/>
         <property name="platform" value="Windows 7"/>
      </properties>
      <testcase name="Test Cases/AllCases/My Account/SEP_FA_CustomerLogin - Iteration 1" classname="Test Cases/AllCases/My Account/SEP_FA_CustomerLogin" status="PASSED">
         <system-out><![CDATA[2017-12-26 16:12:46 - [TEST_CASE][PASSED] - Test Cases/AllCases/My Account/SEP_FA_CustomerLogin - Iteration 1: Test Cases/AllCases/My Account/SEP_FA_CustomerLogin

2017-12-26 16:12:47 - [TEST_STEP][PASSED] - Statement - println(expectation): null

2017-12-26 16:12:47 - [TEST_STEP][PASSED] - callTestCase: Call Test Case 'Test Cases/UnitCases/openSite' successfully

2017-12-26 16:12:47 - [TEST_CASE][PASSED] - Test Cases/UnitCases/openSite: Test Cases/UnitCases/openSite

2017-12-26 16:12:47 - [TEST_STEP][PASSED] - openBrowser: Browser is opened with url: ''

2017-12-26 16:12:49 - [MESSAGE][PASSED] - Browser is opened with url: ''

2017-12-26 16:12:49 - [TEST_STEP][PASSED] - maximizeWindow: Current window maximized

2017-12-26 16:12:50 - [MESSAGE][PASSED] - Current window maximized

2017-12-26 16:12:50 - [TEST_STEP][PASSED] - navigateToUrl: Navigate to 'https://www.sephora.ae/en/' successfully

2017-12-26 16:13:00 - [MESSAGE][PASSED] - Navigate to 'https://www.sephora.ae/en/' successfully

2017-12-26 16:13:00 - [TEST_STEP][PASSED] - callTestCase: Call Test Case 'Test Cases/UnitCases/closeFancyPopUp' successfully

2017-12-26 16:13:00 - [TEST_CASE][PASSED] - Test Cases/UnitCases/closeFancyPopUp: Test Cases/UnitCases/closeFancyPopUp

2017-12-26 16:13:00 - [TEST_STEP][PASSED] - waitForElementPresent: Object 'Object Repository/HomePage/Fancy Box Close Button' is present

2017-12-26 16:13:00 - [MESSAGE][WARNING] - Timeout '0' is invalid. Using default page load timeout: '30'

2017-12-26 16:13:10 - [MESSAGE][PASSED] - Object 'Object Repository/HomePage/Fancy Box Close Button' is present

2017-12-26 16:13:10 - [TEST_STEP][PASSED] - click: Object: 'Object Repository/HomePage/Fancy Box Close Button' is clicked on

2017-12-26 16:13:12 - [MESSAGE][PASSED] - Object: 'Object Repository/HomePage/Fancy Box Close Button' is clicked on

2017-12-26 16:13:12 - [TEST_STEP][PASSED] - waitForElementClickable: Object 'Object Repository/HomePage/My Account TopLink' is clickable

2017-12-26 16:13:12 - [MESSAGE][WARNING] - Timeout '0' is invalid. Using default page load timeout: '30'

2017-12-26 16:13:14 - [MESSAGE][PASSED] - Object 'Object Repository/HomePage/My Account TopLink' is clickable

2017-12-26 16:13:14 - [MESSAGE][PASSED] - Call Test Case 'Test Cases/UnitCases/closeFancyPopUp' successfully

2017-12-26 16:13:14 - [MESSAGE][PASSED] - Call Test Case 'Test Cases/UnitCases/openSite' successfully

2017-12-26 16:13:14 - [TEST_STEP][PASSED] - callTestCase: Call Test Case 'Test Cases/UnitCases/login' successfully

2017-12-26 16:13:14 - [TEST_CASE][PASSED] - Test Cases/UnitCases/login: Test Cases/UnitCases/login

2017-12-26 16:13:14 - [TEST_STEP][PASSED] - click: Object: 'Object Repository/HomePage/My Account TopLink' is clicked on

2017-12-26 16:13:18 - [MESSAGE][PASSED] - Object: 'Object Repository/HomePage/My Account TopLink' is clicked on

2017-12-26 16:13:18 - [TEST_STEP][PASSED] - waitForPageLoad: Wait for page load successfully

2017-12-26 16:13:18 - [MESSAGE][WARNING] - Timeout '0' is invalid. Using default page load timeout: '30'

2017-12-26 16:13:18 - [MESSAGE][PASSED] - Wait for page load successfully

2017-12-26 16:13:18 - [TEST_STEP][PASSED] - setText: Text 'autorbd20171222_170951@mailinator.com' is set on object 'Object Repository/LoginPage/Login Input Field'

2017-12-26 16:13:19 - [MESSAGE][PASSED] - Text 'autorbd20171222_170951@mailinator.com' is set on object 'Object Repository/LoginPage/Login Input Field'

2017-12-26 16:13:19 - [TEST_STEP][PASSED] - setText: Text 'Password123asd' is set on object 'Object Repository/LoginPage/Password Input Field'

2017-12-26 16:13:19 - [MESSAGE][PASSED] - Text 'Password123asd' is set on object 'Object Repository/LoginPage/Password Input Field'

2017-12-26 16:13:19 - [TEST_STEP][PASSED] - click: Object: 'Object Repository/LoginPage/Login Button' is clicked on

2017-12-26 16:13:23 - [MESSAGE][PASSED] - Object: 'Object Repository/LoginPage/Login Button' is clicked on

2017-12-26 16:13:23 - [MESSAGE][PASSED] - Call Test Case 'Test Cases/UnitCases/login' successfully

2017-12-26 16:13:23 - [TEST_STEP][PASSED] - Statement - switch (scene): null

2017-12-26 16:13:23 - [TEST_STEP][PASSED] - Statement - case "2":: null

2017-12-26 16:13:23 - [TEST_STEP][PASSED] - waitForPageLoad: Wait for page load successfully

2017-12-26 16:13:23 - [MESSAGE][WARNING] - Timeout '0' is invalid. Using default page load timeout: '30'

2017-12-26 16:13:23 - [MESSAGE][PASSED] - Wait for page load successfully

2017-12-26 16:13:23 - [TEST_STEP][PASSED] - verifyElementText: Actual text and expected text of test object 'Object Repository/LoginPage/Invalid Login and Password Message' are matched.

2017-12-26 16:13:24 - [MESSAGE][PASSED] - Actual text and expected text of test object 'Object Repository/LoginPage/Invalid Login and Password Message' are matched.

2017-12-26 16:13:24 - [TEST_STEP][PASSED] - Statement - Break: null

2017-12-26 16:13:24 - [TEST_STEP][PASSED] - closeBrowser: Browser is closed

2017-12-26 16:13:25 - [MESSAGE][PASSED] - Browser is closed]]></system-out>
         <system-err><![CDATA[]]></system-err>
      </testcase>
      <testcase name="Test Cases/AllCases/My Account/SEP_FA_CustomerLogin - Iteration 2" classname="Test Cases/AllCases/My Account/SEP_FA_CustomerLogin" status="PASSED">
         <system-out><![CDATA[2017-12-26 16:13:25 - [TEST_CASE][PASSED] - Test Cases/AllCases/My Account/SEP_FA_CustomerLogin - Iteration 2: Test Cases/AllCases/My Account/SEP_FA_CustomerLogin

2017-12-26 16:13:25 - [TEST_STEP][PASSED] - Statement - println(expectation): null

2017-12-26 16:13:25 - [TEST_STEP][PASSED] - callTestCase: Call Test Case 'Test Cases/UnitCases/openSite' successfully

2017-12-26 16:13:25 - [TEST_CASE][PASSED] - Test Cases/UnitCases/openSite: Test Cases/UnitCases/openSite

2017-12-26 16:13:25 - [TEST_STEP][PASSED] - openBrowser: Browser is opened with url: ''

2017-12-26 16:13:26 - [MESSAGE][PASSED] - Browser is opened with url: ''

2017-12-26 16:13:26 - [TEST_STEP][PASSED] - maximizeWindow: Current window maximized

2017-12-26 16:13:27 - [MESSAGE][PASSED] - Current window maximized

2017-12-26 16:13:27 - [TEST_STEP][PASSED] - navigateToUrl: Navigate to 'https://www.sephora.ae/en/' successfully

2017-12-26 16:13:37 - [MESSAGE][PASSED] - Navigate to 'https://www.sephora.ae/en/' successfully

2017-12-26 16:13:37 - [TEST_STEP][PASSED] - callTestCase: Call Test Case 'Test Cases/UnitCases/closeFancyPopUp' successfully

2017-12-26 16:13:37 - [TEST_CASE][PASSED] - Test Cases/UnitCases/closeFancyPopUp: Test Cases/UnitCases/closeFancyPopUp

2017-12-26 16:13:37 - [TEST_STEP][PASSED] - waitForElementPresent: Object 'Object Repository/HomePage/Fancy Box Close Button' is present

2017-12-26 16:13:37 - [MESSAGE][WARNING] - Timeout '0' is invalid. Using default page load timeout: '30'

2017-12-26 16:13:46 - [MESSAGE][PASSED] - Object 'Object Repository/HomePage/Fancy Box Close Button' is present

2017-12-26 16:13:46 - [TEST_STEP][PASSED] - click: Object: 'Object Repository/HomePage/Fancy Box Close Button' is clicked on

2017-12-26 16:13:48 - [MESSAGE][PASSED] - Object: 'Object Repository/HomePage/Fancy Box Close Button' is clicked on

2017-12-26 16:13:48 - [TEST_STEP][PASSED] - waitForElementClickable: Object 'Object Repository/HomePage/My Account TopLink' is clickable

2017-12-26 16:13:48 - [MESSAGE][WARNING] - Timeout '0' is invalid. Using default page load timeout: '30'

2017-12-26 16:13:50 - [MESSAGE][PASSED] - Object 'Object Repository/HomePage/My Account TopLink' is clickable

2017-12-26 16:13:50 - [MESSAGE][PASSED] - Call Test Case 'Test Cases/UnitCases/closeFancyPopUp' successfully

2017-12-26 16:13:50 - [MESSAGE][PASSED] - Call Test Case 'Test Cases/UnitCases/openSite' successfully

2017-12-26 16:13:50 - [TEST_STEP][PASSED] - callTestCase: Call Test Case 'Test Cases/UnitCases/login' successfully

2017-12-26 16:13:50 - [TEST_CASE][PASSED] - Test Cases/UnitCases/login: Test Cases/UnitCases/login

2017-12-26 16:13:50 - [TEST_STEP][PASSED] - click: Object: 'Object Repository/HomePage/My Account TopLink' is clicked on

2017-12-26 16:13:55 - [MESSAGE][PASSED] - Object: 'Object Repository/HomePage/My Account TopLink' is clicked on

2017-12-26 16:13:55 - [TEST_STEP][PASSED] - waitForPageLoad: Wait for page load successfully

2017-12-26 16:13:55 - [MESSAGE][WARNING] - Timeout '0' is invalid. Using default page load timeout: '30'

2017-12-26 16:13:55 - [MESSAGE][PASSED] - Wait for page load successfully

2017-12-26 16:13:55 - [TEST_STEP][PASSED] - setText: Text 'somethingThatDoesNotExist@mailinator.com' is set on object 'Object Repository/LoginPage/Login Input Field'

2017-12-26 16:13:55 - [MESSAGE][PASSED] - Text 'somethingThatDoesNotExist@mailinator.com' is set on object 'Object Repository/LoginPage/Login Input Field'

2017-12-26 16:13:55 - [TEST_STEP][PASSED] - setText: Text 'Password1234' is set on object 'Object Repository/LoginPage/Password Input Field'

2017-12-26 16:13:56 - [MESSAGE][PASSED] - Text 'Password1234' is set on object 'Object Repository/LoginPage/Password Input Field'

2017-12-26 16:13:56 - [TEST_STEP][PASSED] - click: Object: 'Object Repository/LoginPage/Login Button' is clicked on

2017-12-26 16:13:59 - [MESSAGE][PASSED] - Object: 'Object Repository/LoginPage/Login Button' is clicked on

2017-12-26 16:13:59 - [MESSAGE][PASSED] - Call Test Case 'Test Cases/UnitCases/login' successfully

2017-12-26 16:13:59 - [TEST_STEP][PASSED] - Statement - switch (scene): null

2017-12-26 16:13:59 - [TEST_STEP][PASSED] - Statement - case "3":: null

2017-12-26 16:13:59 - [TEST_STEP][PASSED] - waitForPageLoad: Wait for page load successfully

2017-12-26 16:13:59 - [MESSAGE][WARNING] - Timeout '0' is invalid. Using default page load timeout: '30'

2017-12-26 16:13:59 - [MESSAGE][PASSED] - Wait for page load successfully

2017-12-26 16:13:59 - [TEST_STEP][PASSED] - verifyElementText: Actual text and expected text of test object 'Object Repository/LoginPage/Invalid Login and Password Message' are matched.

2017-12-26 16:14:00 - [MESSAGE][PASSED] - Actual text and expected text of test object 'Object Repository/LoginPage/Invalid Login and Password Message' are matched.

2017-12-26 16:14:00 - [TEST_STEP][PASSED] - Statement - Break: null

2017-12-26 16:14:00 - [TEST_STEP][PASSED] - closeBrowser: Browser is closed

2017-12-26 16:14:01 - [MESSAGE][PASSED] - Browser is closed]]></system-out>
         <system-err><![CDATA[]]></system-err>
      </testcase>
      <testcase name="Test Cases/AllCases/My Account/SEP_FA_CustomerLogin - Iteration 3" classname="Test Cases/AllCases/My Account/SEP_FA_CustomerLogin" status="PASSED">
         <system-out><![CDATA[2017-12-26 16:14:01 - [TEST_CASE][PASSED] - Test Cases/AllCases/My Account/SEP_FA_CustomerLogin - Iteration 3: Test Cases/AllCases/My Account/SEP_FA_CustomerLogin

2017-12-26 16:14:01 - [TEST_STEP][PASSED] - Statement - println(expectation): null

2017-12-26 16:14:01 - [TEST_STEP][PASSED] - callTestCase: Call Test Case 'Test Cases/UnitCases/openSite' successfully

2017-12-26 16:14:01 - [TEST_CASE][PASSED] - Test Cases/UnitCases/openSite: Test Cases/UnitCases/openSite

2017-12-26 16:14:01 - [TEST_STEP][PASSED] - openBrowser: Browser is opened with url: ''

2017-12-26 16:14:02 - [MESSAGE][PASSED] - Browser is opened with url: ''

2017-12-26 16:14:02 - [TEST_STEP][PASSED] - maximizeWindow: Current window maximized

2017-12-26 16:14:02 - [MESSAGE][PASSED] - Current window maximized

2017-12-26 16:14:02 - [TEST_STEP][PASSED] - navigateToUrl: Navigate to 'https://www.sephora.ae/en/' successfully

2017-12-26 16:14:13 - [MESSAGE][PASSED] - Navigate to 'https://www.sephora.ae/en/' successfully

2017-12-26 16:14:13 - [TEST_STEP][PASSED] - callTestCase: Call Test Case 'Test Cases/UnitCases/closeFancyPopUp' successfully

2017-12-26 16:14:13 - [TEST_CASE][PASSED] - Test Cases/UnitCases/closeFancyPopUp: Test Cases/UnitCases/closeFancyPopUp

2017-12-26 16:14:13 - [TEST_STEP][PASSED] - waitForElementPresent: Object 'Object Repository/HomePage/Fancy Box Close Button' is present

2017-12-26 16:14:13 - [MESSAGE][WARNING] - Timeout '0' is invalid. Using default page load timeout: '30'

2017-12-26 16:14:27 - [MESSAGE][PASSED] - Object 'Object Repository/HomePage/Fancy Box Close Button' is present

2017-12-26 16:14:28 - [TEST_STEP][PASSED] - click: Object: 'Object Repository/HomePage/Fancy Box Close Button' is clicked on

2017-12-26 16:14:30 - [MESSAGE][PASSED] - Object: 'Object Repository/HomePage/Fancy Box Close Button' is clicked on

2017-12-26 16:14:30 - [TEST_STEP][PASSED] - waitForElementClickable: Object 'Object Repository/HomePage/My Account TopLink' is clickable

2017-12-26 16:14:30 - [MESSAGE][WARNING] - Timeout '0' is invalid. Using default page load timeout: '30'

2017-12-26 16:14:31 - [MESSAGE][PASSED] - Object 'Object Repository/HomePage/My Account TopLink' is clickable

2017-12-26 16:14:31 - [MESSAGE][PASSED] - Call Test Case 'Test Cases/UnitCases/closeFancyPopUp' successfully

2017-12-26 16:14:31 - [MESSAGE][PASSED] - Call Test Case 'Test Cases/UnitCases/openSite' successfully

2017-12-26 16:14:31 - [TEST_STEP][PASSED] - callTestCase: Call Test Case 'Test Cases/UnitCases/login' successfully

2017-12-26 16:14:31 - [TEST_CASE][PASSED] - Test Cases/UnitCases/login: Test Cases/UnitCases/login

2017-12-26 16:14:31 - [TEST_STEP][PASSED] - click: Object: 'Object Repository/HomePage/My Account TopLink' is clicked on

2017-12-26 16:14:36 - [MESSAGE][PASSED] - Object: 'Object Repository/HomePage/My Account TopLink' is clicked on

2017-12-26 16:14:36 - [TEST_STEP][PASSED] - waitForPageLoad: Wait for page load successfully

2017-12-26 16:14:36 - [MESSAGE][WARNING] - Timeout '0' is invalid. Using default page load timeout: '30'

2017-12-26 16:14:36 - [MESSAGE][PASSED] - Wait for page load successfully

2017-12-26 16:14:36 - [TEST_STEP][PASSED] - setText: Text '' is set on object 'Object Repository/LoginPage/Login Input Field'

2017-12-26 16:14:37 - [MESSAGE][PASSED] - Text '' is set on object 'Object Repository/LoginPage/Login Input Field'

2017-12-26 16:14:37 - [TEST_STEP][PASSED] - setText: Text '' is set on object 'Object Repository/LoginPage/Password Input Field'

2017-12-26 16:14:37 - [MESSAGE][PASSED] - Text '' is set on object 'Object Repository/LoginPage/Password Input Field'

2017-12-26 16:14:37 - [TEST_STEP][PASSED] - click: Object: 'Object Repository/LoginPage/Login Button' is clicked on

2017-12-26 16:14:38 - [MESSAGE][PASSED] - Object: 'Object Repository/LoginPage/Login Button' is clicked on

2017-12-26 16:14:38 - [MESSAGE][PASSED] - Call Test Case 'Test Cases/UnitCases/login' successfully

2017-12-26 16:14:38 - [TEST_STEP][PASSED] - Statement - switch (scene): null

2017-12-26 16:14:38 - [TEST_STEP][PASSED] - Statement - case "4":: null

2017-12-26 16:14:38 - [TEST_STEP][PASSED] - waitForElementPresent: Object 'Object Repository/LoginPage/Create Account Button' is present

2017-12-26 16:14:38 - [MESSAGE][WARNING] - Timeout '0' is invalid. Using default page load timeout: '30'

2017-12-26 16:14:39 - [MESSAGE][PASSED] - Object 'Object Repository/LoginPage/Create Account Button' is present

2017-12-26 16:14:39 - [TEST_STEP][PASSED] - verifyElementText: Actual text and expected text of test object 'Object Repository/LoginPage/Email Required Field Message' are matched.

2017-12-26 16:14:39 - [MESSAGE][PASSED] - Actual text and expected text of test object 'Object Repository/LoginPage/Email Required Field Message' are matched.

2017-12-26 16:14:39 - [TEST_STEP][PASSED] - verifyElementText: Actual text and expected text of test object 'Object Repository/LoginPage/Password Required Field Message' are matched.

2017-12-26 16:14:40 - [MESSAGE][PASSED] - Actual text and expected text of test object 'Object Repository/LoginPage/Password Required Field Message' are matched.

2017-12-26 16:14:40 - [TEST_STEP][PASSED] - Statement - Break: null

2017-12-26 16:14:40 - [TEST_STEP][PASSED] - closeBrowser: Browser is closed

2017-12-26 16:14:40 - [MESSAGE][PASSED] - Browser is closed]]></system-out>
         <system-err><![CDATA[]]></system-err>
      </testcase>
      <testcase name="Test Cases/AllCases/My Account/SEP_FA_CustomerLogin - Iteration 4" classname="Test Cases/AllCases/My Account/SEP_FA_CustomerLogin" status="PASSED">
         <system-out><![CDATA[2017-12-26 16:14:40 - [TEST_CASE][PASSED] - Test Cases/AllCases/My Account/SEP_FA_CustomerLogin - Iteration 4: Test Cases/AllCases/My Account/SEP_FA_CustomerLogin

2017-12-26 16:14:41 - [TEST_STEP][PASSED] - Statement - println(expectation): null

2017-12-26 16:14:41 - [TEST_STEP][PASSED] - callTestCase: Call Test Case 'Test Cases/UnitCases/openSite' successfully

2017-12-26 16:14:41 - [TEST_CASE][PASSED] - Test Cases/UnitCases/openSite: Test Cases/UnitCases/openSite

2017-12-26 16:14:41 - [TEST_STEP][PASSED] - openBrowser: Browser is opened with url: ''

2017-12-26 16:14:43 - [MESSAGE][PASSED] - Browser is opened with url: ''

2017-12-26 16:14:43 - [TEST_STEP][PASSED] - maximizeWindow: Current window maximized

2017-12-26 16:14:43 - [MESSAGE][PASSED] - Current window maximized

2017-12-26 16:14:43 - [TEST_STEP][PASSED] - navigateToUrl: Navigate to 'https://www.sephora.ae/en/' successfully

2017-12-26 16:14:55 - [MESSAGE][PASSED] - Navigate to 'https://www.sephora.ae/en/' successfully

2017-12-26 16:14:55 - [TEST_STEP][PASSED] - callTestCase: Call Test Case 'Test Cases/UnitCases/closeFancyPopUp' successfully

2017-12-26 16:14:55 - [TEST_CASE][PASSED] - Test Cases/UnitCases/closeFancyPopUp: Test Cases/UnitCases/closeFancyPopUp

2017-12-26 16:14:55 - [TEST_STEP][PASSED] - waitForElementPresent: Object 'Object Repository/HomePage/Fancy Box Close Button' is present

2017-12-26 16:14:55 - [MESSAGE][WARNING] - Timeout '0' is invalid. Using default page load timeout: '30'

2017-12-26 16:15:07 - [MESSAGE][PASSED] - Object 'Object Repository/HomePage/Fancy Box Close Button' is present

2017-12-26 16:15:07 - [TEST_STEP][PASSED] - click: Object: 'Object Repository/HomePage/Fancy Box Close Button' is clicked on

2017-12-26 16:15:09 - [MESSAGE][PASSED] - Object: 'Object Repository/HomePage/Fancy Box Close Button' is clicked on

2017-12-26 16:15:09 - [TEST_STEP][PASSED] - waitForElementClickable: Object 'Object Repository/HomePage/My Account TopLink' is clickable

2017-12-26 16:15:09 - [MESSAGE][WARNING] - Timeout '0' is invalid. Using default page load timeout: '30'

2017-12-26 16:15:11 - [MESSAGE][PASSED] - Object 'Object Repository/HomePage/My Account TopLink' is clickable

2017-12-26 16:15:11 - [MESSAGE][PASSED] - Call Test Case 'Test Cases/UnitCases/closeFancyPopUp' successfully

2017-12-26 16:15:11 - [MESSAGE][PASSED] - Call Test Case 'Test Cases/UnitCases/openSite' successfully

2017-12-26 16:15:11 - [TEST_STEP][PASSED] - callTestCase: Call Test Case 'Test Cases/UnitCases/login' successfully

2017-12-26 16:15:11 - [TEST_CASE][PASSED] - Test Cases/UnitCases/login: Test Cases/UnitCases/login

2017-12-26 16:15:11 - [TEST_STEP][PASSED] - click: Object: 'Object Repository/HomePage/My Account TopLink' is clicked on

2017-12-26 16:15:15 - [MESSAGE][PASSED] - Object: 'Object Repository/HomePage/My Account TopLink' is clicked on

2017-12-26 16:15:15 - [TEST_STEP][PASSED] - waitForPageLoad: Wait for page load successfully

2017-12-26 16:15:15 - [MESSAGE][WARNING] - Timeout '0' is invalid. Using default page load timeout: '30'

2017-12-26 16:15:15 - [MESSAGE][PASSED] - Wait for page load successfully

2017-12-26 16:15:15 - [TEST_STEP][PASSED] - setText: Text 'rbdtest@mailinator.com' is set on object 'Object Repository/LoginPage/Login Input Field'

2017-12-26 16:15:15 - [MESSAGE][PASSED] - Text 'rbdtest@mailinator.com' is set on object 'Object Repository/LoginPage/Login Input Field'

2017-12-26 16:15:15 - [TEST_STEP][PASSED] - setText: Text 'Password123' is set on object 'Object Repository/LoginPage/Password Input Field'

2017-12-26 16:15:15 - [MESSAGE][PASSED] - Text 'Password123' is set on object 'Object Repository/LoginPage/Password Input Field'

2017-12-26 16:15:15 - [TEST_STEP][PASSED] - click: Object: 'Object Repository/LoginPage/Login Button' is clicked on

2017-12-26 16:15:25 - [MESSAGE][PASSED] - Object: 'Object Repository/LoginPage/Login Button' is clicked on

2017-12-26 16:15:25 - [MESSAGE][PASSED] - Call Test Case 'Test Cases/UnitCases/login' successfully

2017-12-26 16:15:25 - [TEST_STEP][PASSED] - Statement - switch (scene): null

2017-12-26 16:15:25 - [TEST_STEP][PASSED] - Statement - case "1":: null

2017-12-26 16:15:25 - [TEST_STEP][PASSED] - waitForPageLoad: Wait for page load successfully

2017-12-26 16:15:25 - [MESSAGE][WARNING] - Timeout '0' is invalid. Using default page load timeout: '30'

2017-12-26 16:15:25 - [MESSAGE][PASSED] - Wait for page load successfully

2017-12-26 16:15:25 - [TEST_STEP][PASSED] - verifyElementPresent: Object 'Object Repository/HomePage/Welcome Message' is present

2017-12-26 16:15:25 - [MESSAGE][WARNING] - Timeout '0' is invalid. Using default page load timeout: '30'

2017-12-26 16:15:26 - [MESSAGE][PASSED] - Object 'Object Repository/HomePage/Welcome Message' is present

2017-12-26 16:15:26 - [TEST_STEP][PASSED] - verifyTextPresent: Text 'Hello Jack' is present on page 

2017-12-26 16:15:27 - [MESSAGE][PASSED] - Text 'Hello Jack' is present on page 

2017-12-26 16:15:27 - [TEST_STEP][PASSED] - Statement - Break: null

2017-12-26 16:15:27 - [TEST_STEP][PASSED] - closeBrowser: Browser is closed

2017-12-26 16:15:28 - [MESSAGE][PASSED] - Browser is closed]]></system-out>
         <system-err><![CDATA[]]></system-err>
      </testcase>
      <system-out><![CDATA[2017-12-26 16:12:46 - [TEST_SUITE][PASSED] - Core: Test Cases/AllCases/My Account/SEP_FA_CustomerLogin]]></system-out>
      <system-err><![CDATA[]]></system-err>
   </testsuite>
</testsuites>
