<?xml version="1.0" encoding="UTF-8"?>
<testsuites name="Core" time="87" tests="2" failures="0" errors="0">
   <testsuite name="Core" tests="2" failures="0" errors="0" time="87" timestamp="2017-12-26 12:59:47" hostname="Yassar - Yassar-PC" id="Test Suites/Core">
      <properties>
         <property name="deviceName" value=""/>
         <property name="devicePlatform" value=""/>
         <property name="logFolder" value="D:\\Katalon\\Sephora\\Sephora\\Reports\\Core\\20171226_125945"/>
         <property name="logFiles" value="D:\\Katalon\\Sephora\\Sephora\\Reports\\Core\\20171226_125945\\execution0.log"/>
         <property name="attachments" value=""/>
         <property name="hostName" value="Yassar - Yassar-PC"/>
         <property name="os" value="Windows 7 64bit"/>
         <property name="katalonVersion" value="5.2.0.1"/>
         <property name="browser" value="Chrome 63.0.3239.108"/>
         <property name="hostAddress" value="192.168.1.197"/>
         <property name="sessionId" value="21c6dcd1e6bff4d7289b9be1515d1b23"/>
         <property name="seleniumVersion" value="3.7.1"/>
         <property name="proxyInformation" value="ProxyInformation{proxyOption=NO_PROXY, proxyServerType=HTTP, password=, proxyServerAddress=, proxyServerPort=0}"/>
         <property name="platform" value="Windows 7"/>
      </properties>
      <testcase name="Test Cases/AllCases/SEP_FA_CustomerLogin - Copy - Iteration 1" classname="Test Cases/AllCases/SEP_FA_CustomerLogin - Copy" status="PASSED">
         <system-out><![CDATA[2017-12-26 12:59:47 - [TEST_CASE][PASSED] - Test Cases/AllCases/SEP_FA_CustomerLogin - Copy - Iteration 1: Test Cases/AllCases/SEP_FA_CustomerLogin - Copy

2017-12-26 12:59:48 - [TEST_STEP][PASSED] - callTestCase: Call Test Case 'Test Cases/UnitCases/openSite' successfully

2017-12-26 12:59:48 - [TEST_CASE][PASSED] - Test Cases/UnitCases/openSite: Test Cases/UnitCases/openSite

2017-12-26 12:59:48 - [TEST_STEP][PASSED] - openBrowser: Browser is opened with url: ''

2017-12-26 12:59:51 - [MESSAGE][PASSED] - Browser is opened with url: ''

2017-12-26 12:59:51 - [TEST_STEP][PASSED] - maximizeWindow: Current window maximized

2017-12-26 12:59:51 - [MESSAGE][PASSED] - Current window maximized

2017-12-26 12:59:51 - [TEST_STEP][PASSED] - navigateToUrl: Navigate to 'https://www.sephora.ae/en/' successfully

2017-12-26 13:00:01 - [MESSAGE][PASSED] - Navigate to 'https://www.sephora.ae/en/' successfully

2017-12-26 13:00:01 - [TEST_STEP][PASSED] - callTestCase: Call Test Case 'Test Cases/UnitCases/closeFancyPopUp' successfully

2017-12-26 13:00:01 - [TEST_CASE][PASSED] - Test Cases/UnitCases/closeFancyPopUp: Test Cases/UnitCases/closeFancyPopUp

2017-12-26 13:00:01 - [TEST_STEP][PASSED] - waitForElementPresent: Object 'Object Repository/HomePage/Fancy Box Close Button' is present

2017-12-26 13:00:01 - [MESSAGE][WARNING] - Timeout '0' is invalid. Using default page load timeout: '30'

2017-12-26 13:00:11 - [MESSAGE][PASSED] - Object 'Object Repository/HomePage/Fancy Box Close Button' is present

2017-12-26 13:00:11 - [TEST_STEP][PASSED] - click: Object: 'Object Repository/HomePage/Fancy Box Close Button' is clicked on

2017-12-26 13:00:13 - [MESSAGE][PASSED] - Object: 'Object Repository/HomePage/Fancy Box Close Button' is clicked on

2017-12-26 13:00:13 - [TEST_STEP][PASSED] - waitForElementClickable: Object 'Object Repository/HomePage/My Account TopLink' is clickable

2017-12-26 13:00:13 - [MESSAGE][WARNING] - Timeout '0' is invalid. Using default page load timeout: '30'

2017-12-26 13:00:15 - [MESSAGE][PASSED] - Object 'Object Repository/HomePage/My Account TopLink' is clickable

2017-12-26 13:00:15 - [MESSAGE][PASSED] - Call Test Case 'Test Cases/UnitCases/closeFancyPopUp' successfully

2017-12-26 13:00:15 - [MESSAGE][PASSED] - Call Test Case 'Test Cases/UnitCases/openSite' successfully

2017-12-26 13:00:15 - [TEST_STEP][PASSED] - click: Object: 'Object Repository/HomePage/My Account TopLink' is clicked on

2017-12-26 13:00:20 - [MESSAGE][PASSED] - Object: 'Object Repository/HomePage/My Account TopLink' is clicked on

2017-12-26 13:00:20 - [TEST_STEP][PASSED] - waitForPageLoad: Wait for page load successfully

2017-12-26 13:00:20 - [MESSAGE][WARNING] - Timeout '0' is invalid. Using default page load timeout: '30'

2017-12-26 13:00:20 - [MESSAGE][PASSED] - Wait for page load successfully

2017-12-26 13:00:20 - [TEST_STEP][PASSED] - setText: Text 'autorbd20171222_171531@mailinator.com' is set on object 'Object Repository/LoginPage/Login Input Field'

2017-12-26 13:00:20 - [MESSAGE][PASSED] - Text 'autorbd20171222_171531@mailinator.com' is set on object 'Object Repository/LoginPage/Login Input Field'

2017-12-26 13:00:20 - [TEST_STEP][PASSED] - setText: Text 'Password123' is set on object 'Object Repository/LoginPage/Password Input Field'

2017-12-26 13:00:21 - [MESSAGE][PASSED] - Text 'Password123' is set on object 'Object Repository/LoginPage/Password Input Field'

2017-12-26 13:00:21 - [TEST_STEP][PASSED] - click: Object: 'Object Repository/LoginPage/Login Button' is clicked on

2017-12-26 13:00:29 - [MESSAGE][PASSED] - Object: 'Object Repository/LoginPage/Login Button' is clicked on

2017-12-26 13:00:29 - [TEST_STEP][PASSED] - waitForPageLoad: Wait for page load successfully

2017-12-26 13:00:29 - [MESSAGE][WARNING] - Timeout '0' is invalid. Using default page load timeout: '30'

2017-12-26 13:00:29 - [MESSAGE][PASSED] - Wait for page load successfully

2017-12-26 13:00:29 - [TEST_STEP][PASSED] - verifyElementPresent: Object 'Object Repository/HomePage/Welcome Message' is present

2017-12-26 13:00:29 - [MESSAGE][WARNING] - Timeout '0' is invalid. Using default page load timeout: '30'

2017-12-26 13:00:30 - [MESSAGE][PASSED] - Object 'Object Repository/HomePage/Welcome Message' is present

2017-12-26 13:00:30 - [TEST_STEP][PASSED] - closeBrowser: Browser is closed

2017-12-26 13:00:30 - [MESSAGE][PASSED] - Browser is closed]]></system-out>
         <system-err><![CDATA[]]></system-err>
      </testcase>
      <testcase name="Test Cases/AllCases/SEP_FA_CustomerLogin - Copy - Iteration 2" classname="Test Cases/AllCases/SEP_FA_CustomerLogin - Copy" status="PASSED">
         <system-out><![CDATA[2017-12-26 13:00:30 - [TEST_CASE][PASSED] - Test Cases/AllCases/SEP_FA_CustomerLogin - Copy - Iteration 2: Test Cases/AllCases/SEP_FA_CustomerLogin - Copy

2017-12-26 13:00:30 - [TEST_STEP][PASSED] - callTestCase: Call Test Case 'Test Cases/UnitCases/openSite' successfully

2017-12-26 13:00:31 - [TEST_CASE][PASSED] - Test Cases/UnitCases/openSite: Test Cases/UnitCases/openSite

2017-12-26 13:00:31 - [TEST_STEP][PASSED] - openBrowser: Browser is opened with url: ''

2017-12-26 13:00:33 - [MESSAGE][PASSED] - Browser is opened with url: ''

2017-12-26 13:00:33 - [TEST_STEP][PASSED] - maximizeWindow: Current window maximized

2017-12-26 13:00:33 - [MESSAGE][PASSED] - Current window maximized

2017-12-26 13:00:33 - [TEST_STEP][PASSED] - navigateToUrl: Navigate to 'https://www.sephora.ae/en/' successfully

2017-12-26 13:00:44 - [MESSAGE][PASSED] - Navigate to 'https://www.sephora.ae/en/' successfully

2017-12-26 13:00:44 - [TEST_STEP][PASSED] - callTestCase: Call Test Case 'Test Cases/UnitCases/closeFancyPopUp' successfully

2017-12-26 13:00:44 - [TEST_CASE][PASSED] - Test Cases/UnitCases/closeFancyPopUp: Test Cases/UnitCases/closeFancyPopUp

2017-12-26 13:00:44 - [TEST_STEP][PASSED] - waitForElementPresent: Object 'Object Repository/HomePage/Fancy Box Close Button' is present

2017-12-26 13:00:44 - [MESSAGE][WARNING] - Timeout '0' is invalid. Using default page load timeout: '30'

2017-12-26 13:00:53 - [MESSAGE][PASSED] - Object 'Object Repository/HomePage/Fancy Box Close Button' is present

2017-12-26 13:00:53 - [TEST_STEP][PASSED] - click: Object: 'Object Repository/HomePage/Fancy Box Close Button' is clicked on

2017-12-26 13:00:55 - [MESSAGE][PASSED] - Object: 'Object Repository/HomePage/Fancy Box Close Button' is clicked on

2017-12-26 13:00:55 - [TEST_STEP][PASSED] - waitForElementClickable: Object 'Object Repository/HomePage/My Account TopLink' is clickable

2017-12-26 13:00:55 - [MESSAGE][WARNING] - Timeout '0' is invalid. Using default page load timeout: '30'

2017-12-26 13:00:57 - [MESSAGE][PASSED] - Object 'Object Repository/HomePage/My Account TopLink' is clickable

2017-12-26 13:00:57 - [MESSAGE][PASSED] - Call Test Case 'Test Cases/UnitCases/closeFancyPopUp' successfully

2017-12-26 13:00:57 - [MESSAGE][PASSED] - Call Test Case 'Test Cases/UnitCases/openSite' successfully

2017-12-26 13:00:57 - [TEST_STEP][PASSED] - click: Object: 'Object Repository/HomePage/My Account TopLink' is clicked on

2017-12-26 13:01:03 - [MESSAGE][PASSED] - Object: 'Object Repository/HomePage/My Account TopLink' is clicked on

2017-12-26 13:01:03 - [TEST_STEP][PASSED] - waitForPageLoad: Wait for page load successfully

2017-12-26 13:01:03 - [MESSAGE][WARNING] - Timeout '0' is invalid. Using default page load timeout: '30'

2017-12-26 13:01:03 - [MESSAGE][PASSED] - Wait for page load successfully

2017-12-26 13:01:03 - [TEST_STEP][PASSED] - setText: Text 'rbdtest@mailinator.com' is set on object 'Object Repository/LoginPage/Login Input Field'

2017-12-26 13:01:03 - [MESSAGE][PASSED] - Text 'rbdtest@mailinator.com' is set on object 'Object Repository/LoginPage/Login Input Field'

2017-12-26 13:01:03 - [TEST_STEP][PASSED] - setText: Text 'Password123' is set on object 'Object Repository/LoginPage/Password Input Field'

2017-12-26 13:01:04 - [MESSAGE][PASSED] - Text 'Password123' is set on object 'Object Repository/LoginPage/Password Input Field'

2017-12-26 13:01:04 - [TEST_STEP][PASSED] - click: Object: 'Object Repository/LoginPage/Login Button' is clicked on

2017-12-26 13:01:12 - [MESSAGE][PASSED] - Object: 'Object Repository/LoginPage/Login Button' is clicked on

2017-12-26 13:01:12 - [TEST_STEP][PASSED] - waitForPageLoad: Wait for page load successfully

2017-12-26 13:01:12 - [MESSAGE][WARNING] - Timeout '0' is invalid. Using default page load timeout: '30'

2017-12-26 13:01:12 - [MESSAGE][PASSED] - Wait for page load successfully

2017-12-26 13:01:12 - [TEST_STEP][PASSED] - verifyElementPresent: Object 'Object Repository/HomePage/Welcome Message' is present

2017-12-26 13:01:12 - [MESSAGE][WARNING] - Timeout '0' is invalid. Using default page load timeout: '30'

2017-12-26 13:01:13 - [MESSAGE][PASSED] - Object 'Object Repository/HomePage/Welcome Message' is present

2017-12-26 13:01:13 - [TEST_STEP][PASSED] - closeBrowser: Browser is closed

2017-12-26 13:01:14 - [MESSAGE][PASSED] - Browser is closed]]></system-out>
         <system-err><![CDATA[]]></system-err>
      </testcase>
      <system-out><![CDATA[2017-12-26 12:59:47 - [TEST_SUITE][PASSED] - Core: Test Cases/AllCases/SEP_FA_CustomerLogin - Copy]]></system-out>
      <system-err><![CDATA[]]></system-err>
   </testsuite>
</testsuites>
