<?xml version="1.0" encoding="UTF-8"?>
<testsuites name="Core" time="59" tests="1" failures="0" errors="0">
   <testsuite name="Core" tests="1" failures="0" errors="0" time="59" timestamp="2017-12-22 17:09:02" hostname="Yassar - Yassar-PC" id="Test Suites/Core">
      <properties>
         <property name="deviceName" value=""/>
         <property name="devicePlatform" value=""/>
         <property name="logFolder" value="D:\\Katalon\\Sephora\\Sephora\\Reports\\Core\\20171222_170900"/>
         <property name="logFiles" value="D:\\Katalon\\Sephora\\Sephora\\Reports\\Core\\20171222_170900\\execution0.log"/>
         <property name="attachments" value=""/>
         <property name="hostName" value="Yassar - Yassar-PC"/>
         <property name="os" value="Windows 7 64bit"/>
         <property name="katalonVersion" value="5.2.0.1"/>
         <property name="browser" value="Chrome 63.0.3239.84"/>
         <property name="hostAddress" value="192.168.1.197"/>
         <property name="sessionId" value="22033f19d29f2cd3bbf03eab074e885e"/>
         <property name="seleniumVersion" value="3.7.1"/>
         <property name="proxyInformation" value="ProxyInformation{proxyOption=NO_PROXY, proxyServerType=HTTP, password=, proxyServerAddress=, proxyServerPort=0}"/>
         <property name="platform" value="Windows 7"/>
      </properties>
      <testcase name="Test Cases/AllCases/SEP_FA_CustomerRegistration" classname="Test Cases/AllCases/SEP_FA_CustomerRegistration" status="PASSED">
         <system-out><![CDATA[2017-12-22 17:09:02 - [TEST_CASE][PASSED] - Test Cases/AllCases/SEP_FA_CustomerRegistration: Test Cases/AllCases/SEP_FA_CustomerRegistration

2017-12-22 17:09:02 - [TEST_STEP][PASSED] - callTestCase: Call Test Case 'Test Cases/UnitCases/openSite' successfully

2017-12-22 17:09:03 - [TEST_CASE][PASSED] - Test Cases/UnitCases/openSite: Test Cases/UnitCases/openSite

2017-12-22 17:09:03 - [TEST_STEP][PASSED] - openBrowser: Browser is opened with url: ''

2017-12-22 17:09:07 - [MESSAGE][PASSED] - Browser is opened with url: ''

2017-12-22 17:09:07 - [TEST_STEP][PASSED] - maximizeWindow: Current window maximized

2017-12-22 17:09:07 - [MESSAGE][PASSED] - Current window maximized

2017-12-22 17:09:07 - [TEST_STEP][PASSED] - navigateToUrl: Navigate to 'https://www.sephora.ae/en/' successfully

2017-12-22 17:09:23 - [MESSAGE][PASSED] - Navigate to 'https://www.sephora.ae/en/' successfully

2017-12-22 17:09:23 - [TEST_STEP][PASSED] - callTestCase: Call Test Case 'Test Cases/UnitCases/closeFancyPopUp' successfully

2017-12-22 17:09:23 - [TEST_CASE][PASSED] - Test Cases/UnitCases/closeFancyPopUp: Test Cases/UnitCases/closeFancyPopUp

2017-12-22 17:09:24 - [TEST_STEP][PASSED] - waitForElementPresent: Object 'Object Repository/HomePage/Fancy Box Close Button' is present

2017-12-22 17:09:24 - [MESSAGE][WARNING] - Timeout '0' is invalid. Using default page load timeout: '30'

2017-12-22 17:09:35 - [MESSAGE][PASSED] - Object 'Object Repository/HomePage/Fancy Box Close Button' is present

2017-12-22 17:09:35 - [TEST_STEP][PASSED] - click: Object: 'Object Repository/HomePage/Fancy Box Close Button' is clicked on

2017-12-22 17:09:37 - [MESSAGE][PASSED] - Object: 'Object Repository/HomePage/Fancy Box Close Button' is clicked on

2017-12-22 17:09:37 - [TEST_STEP][PASSED] - waitForElementClickable: Object 'Object Repository/HomePage/My Account TopLink' is clickable

2017-12-22 17:09:37 - [MESSAGE][WARNING] - Timeout '0' is invalid. Using default page load timeout: '30'

2017-12-22 17:09:39 - [MESSAGE][PASSED] - Object 'Object Repository/HomePage/My Account TopLink' is clickable

2017-12-22 17:09:39 - [MESSAGE][PASSED] - Call Test Case 'Test Cases/UnitCases/closeFancyPopUp' successfully

2017-12-22 17:09:39 - [MESSAGE][PASSED] - Call Test Case 'Test Cases/UnitCases/openSite' successfully

2017-12-22 17:09:39 - [TEST_STEP][PASSED] - click: Object: 'Object Repository/HomePage/My Account TopLink' is clicked on

2017-12-22 17:09:44 - [MESSAGE][PASSED] - Object: 'Object Repository/HomePage/My Account TopLink' is clicked on

2017-12-22 17:09:44 - [TEST_STEP][PASSED] - waitForPageLoad: Wait for page load successfully

2017-12-22 17:09:44 - [MESSAGE][WARNING] - Timeout '0' is invalid. Using default page load timeout: '30'

2017-12-22 17:09:44 - [MESSAGE][PASSED] - Wait for page load successfully

2017-12-22 17:09:44 - [TEST_STEP][PASSED] - click: Object: 'Object Repository/LoginPage/Create Account Button' is clicked on

2017-12-22 17:09:48 - [MESSAGE][PASSED] - Object: 'Object Repository/LoginPage/Create Account Button' is clicked on

2017-12-22 17:09:48 - [TEST_STEP][PASSED] - waitForPageLoad: Wait for page load successfully

2017-12-22 17:09:48 - [MESSAGE][WARNING] - Timeout '0' is invalid. Using default page load timeout: '30'

2017-12-22 17:09:48 - [MESSAGE][PASSED] - Wait for page load successfully

2017-12-22 17:09:48 - [TEST_STEP][PASSED] - callTestCase: Call Test Case 'Test Cases/Forms/fillRegistrationForm' successfully

2017-12-22 17:09:48 - [TEST_CASE][PASSED] - Test Cases/Forms/fillRegistrationForm: Test Cases/Forms/fillRegistrationForm

2017-12-22 17:09:48 - [TEST_STEP][PASSED] - click: Object: 'Object Repository/RegistrationPage/Prefix Radio Button' is clicked on

2017-12-22 17:09:48 - [MESSAGE][PASSED] - Object: 'Object Repository/RegistrationPage/Prefix Radio Button' is clicked on

2017-12-22 17:09:48 - [TEST_STEP][PASSED] - setText: Text 'Jack' is set on object 'Object Repository/RegistrationPage/Firstname Input Textfield'

2017-12-22 17:09:49 - [MESSAGE][PASSED] - Text 'Jack' is set on object 'Object Repository/RegistrationPage/Firstname Input Textfield'

2017-12-22 17:09:49 - [TEST_STEP][PASSED] - setText: Text 'Stone' is set on object 'Object Repository/RegistrationPage/Lastname Input Textfield'

2017-12-22 17:09:49 - [MESSAGE][PASSED] - Text 'Stone' is set on object 'Object Repository/RegistrationPage/Lastname Input Textfield'

2017-12-22 17:09:49 - [TEST_STEP][PASSED] - selectOptionByValue: All options with value '05' are selected in object 'Object Repository/RegistrationPage/Day Dropdown'  using regular expression

2017-12-22 17:09:50 - [MESSAGE][PASSED] - All options with value '05' are selected in object 'Object Repository/RegistrationPage/Day Dropdown'  using regular expression

2017-12-22 17:09:50 - [TEST_STEP][PASSED] - selectOptionByValue: All options with value '05' are selected in object 'Object Repository/RegistrationPage/Month Dropdown'  using regular expression

2017-12-22 17:09:50 - [MESSAGE][PASSED] - All options with value '05' are selected in object 'Object Repository/RegistrationPage/Month Dropdown'  using regular expression

2017-12-22 17:09:50 - [TEST_STEP][PASSED] - selectOptionByValue: All options with value '1995' are selected in object 'Object Repository/RegistrationPage/Year Dropdown'  using regular expression

2017-12-22 17:09:51 - [MESSAGE][PASSED] - All options with value '1995' are selected in object 'Object Repository/RegistrationPage/Year Dropdown'  using regular expression

2017-12-22 17:09:51 - [TEST_STEP][PASSED] - setText: Text 'autorbd20171222_170951@mailinator.com' is set on object 'Object Repository/RegistrationPage/Email Input Textfield'

2017-12-22 17:09:51 - [TEST_CASE][PASSED] - Test Cases/Binaries/createEmailAddress: Test Cases/Binaries/createEmailAddress

2017-12-22 17:09:51 - [TEST_STEP][PASSED] - Statement - now = new java.util.Date(): null

2017-12-22 17:09:51 - [TEST_STEP][PASSED] - Statement - timestamp = now.toTimestamp().toString(): null

2017-12-22 17:09:51 - [TEST_STEP][PASSED] - Statement - timestamp = timestamp.replace("-", ""): null

2017-12-22 17:09:51 - [TEST_STEP][PASSED] - Statement - timestamp = timestamp.replace(":", ""): null

2017-12-22 17:09:51 - [TEST_STEP][PASSED] - Statement - timestamp = timestamp.replace(" ", "_"): null

2017-12-22 17:09:51 - [TEST_STEP][PASSED] - Statement - timestamp = timestamp.substring(0, timestamp.indexOf(".")): null

2017-12-22 17:09:51 - [TEST_STEP][PASSED] - Statement - println(timestamp): null

2017-12-22 17:09:51 - [TEST_STEP][PASSED] - Statement - return ((autorbd + timestamp) + @mailinator.com): null

2017-12-22 17:09:51 - [MESSAGE][PASSED] - Call Test Case 'Test Cases/Binaries/createEmailAddress' successfully

2017-12-22 17:09:52 - [MESSAGE][PASSED] - Text 'autorbd20171222_170951@mailinator.com' is set on object 'Object Repository/RegistrationPage/Email Input Textfield'

2017-12-22 17:09:52 - [TEST_STEP][PASSED] - setText: Text 'Password123' is set on object 'Object Repository/RegistrationPage/Password  Input Textfield'

2017-12-22 17:09:52 - [MESSAGE][PASSED] - Text 'Password123' is set on object 'Object Repository/RegistrationPage/Password  Input Textfield'

2017-12-22 17:09:52 - [TEST_STEP][PASSED] - setText: Text 'Password123' is set on object 'Object Repository/RegistrationPage/Password Confirmation Input Textfield'

2017-12-22 17:09:52 - [MESSAGE][PASSED] - Text 'Password123' is set on object 'Object Repository/RegistrationPage/Password Confirmation Input Textfield'

2017-12-22 17:09:52 - [TEST_STEP][PASSED] - click: Object: 'Object Repository/RegistrationPage/Input Agreement Checkbox' is clicked on

2017-12-22 17:09:53 - [MESSAGE][PASSED] - Object: 'Object Repository/RegistrationPage/Input Agreement Checkbox' is clicked on

2017-12-22 17:09:53 - [MESSAGE][PASSED] - Call Test Case 'Test Cases/Forms/fillRegistrationForm' successfully

2017-12-22 17:09:53 - [TEST_STEP][PASSED] - click: Object: 'Object Repository/RegistrationPage/Create Account Button' is clicked on

2017-12-22 17:09:59 - [MESSAGE][PASSED] - Object: 'Object Repository/RegistrationPage/Create Account Button' is clicked on

2017-12-22 17:09:59 - [TEST_STEP][PASSED] - verifyElementPresent: Object 'Object Repository/MyAccountPage/Successful Registration Message' is present

2017-12-22 17:09:59 - [MESSAGE][WARNING] - Timeout '0' is invalid. Using default page load timeout: '30'

2017-12-22 17:10:00 - [MESSAGE][PASSED] - Object 'Object Repository/MyAccountPage/Successful Registration Message' is present

2017-12-22 17:10:00 - [TEST_STEP][PASSED] - verifyElementPresent: Object 'Object Repository/MyAccountPage/My Account Header' is present

2017-12-22 17:10:00 - [MESSAGE][WARNING] - Timeout '0' is invalid. Using default page load timeout: '30'

2017-12-22 17:10:00 - [MESSAGE][PASSED] - Object 'Object Repository/MyAccountPage/My Account Header' is present

2017-12-22 17:10:00 - [TEST_STEP][PASSED] - closeBrowser: Browser is closed

2017-12-22 17:10:01 - [MESSAGE][PASSED] - Browser is closed]]></system-out>
         <system-err><![CDATA[]]></system-err>
      </testcase>
      <system-out><![CDATA[2017-12-22 17:09:02 - [TEST_SUITE][PASSED] - Core: Test Cases/AllCases/SEP_FA_CustomerRegistration]]></system-out>
      <system-err><![CDATA[]]></system-err>
   </testsuite>
</testsuites>
