<?xml version="1.0" encoding="UTF-8"?>
<testsuites name="Core" time="58" tests="1" failures="0" errors="0">
   <testsuite name="Core" tests="1" failures="0" errors="0" time="58" timestamp="2017-12-26 11:09:42" hostname="Yassar - Yassar-PC" id="Test Suites/Core">
      <properties>
         <property name="deviceName" value=""/>
         <property name="devicePlatform" value=""/>
         <property name="logFolder" value="D:\\Katalon\\Sephora\\Sephora\\Reports\\Core\\20171226_110940"/>
         <property name="logFiles" value="D:\\Katalon\\Sephora\\Sephora\\Reports\\Core\\20171226_110940\\execution0.log"/>
         <property name="attachments" value=""/>
         <property name="hostName" value="Yassar - Yassar-PC"/>
         <property name="os" value="Windows 7 64bit"/>
         <property name="katalonVersion" value="5.2.0.1"/>
         <property name="browser" value="Chrome 63.0.3239.108"/>
         <property name="hostAddress" value="192.168.1.197"/>
         <property name="sessionId" value="bfc3f8bcb557ba4e0675f027b6064a15"/>
         <property name="seleniumVersion" value="3.7.1"/>
         <property name="proxyInformation" value="ProxyInformation{proxyOption=NO_PROXY, proxyServerType=HTTP, password=, proxyServerAddress=, proxyServerPort=0}"/>
         <property name="platform" value="Windows 7"/>
      </properties>
      <testcase name="Test Cases/AllCases/SEP_FA_CustomerLogin" classname="Test Cases/AllCases/SEP_FA_CustomerLogin" status="PASSED">
         <system-out><![CDATA[2017-12-26 11:09:42 - [TEST_CASE][PASSED] - Test Cases/AllCases/SEP_FA_CustomerLogin: Test Cases/AllCases/SEP_FA_CustomerLogin

2017-12-26 11:09:43 - [TEST_STEP][PASSED] - callTestCase: Call Test Case 'Test Cases/UnitCases/openSite' successfully

2017-12-26 11:09:43 - [TEST_CASE][PASSED] - Test Cases/UnitCases/openSite: Test Cases/UnitCases/openSite

2017-12-26 11:09:43 - [TEST_STEP][PASSED] - openBrowser: Browser is opened with url: ''

2017-12-26 11:09:46 - [MESSAGE][PASSED] - Browser is opened with url: ''

2017-12-26 11:09:46 - [TEST_STEP][PASSED] - maximizeWindow: Current window maximized

2017-12-26 11:09:47 - [MESSAGE][PASSED] - Current window maximized

2017-12-26 11:09:47 - [TEST_STEP][PASSED] - navigateToUrl: Navigate to 'https://www.sephora.ae/en/' successfully

2017-12-26 11:10:00 - [MESSAGE][PASSED] - Navigate to 'https://www.sephora.ae/en/' successfully

2017-12-26 11:10:00 - [TEST_STEP][PASSED] - callTestCase: Call Test Case 'Test Cases/UnitCases/closeFancyPopUp' successfully

2017-12-26 11:10:00 - [TEST_CASE][PASSED] - Test Cases/UnitCases/closeFancyPopUp: Test Cases/UnitCases/closeFancyPopUp

2017-12-26 11:10:01 - [TEST_STEP][PASSED] - waitForElementPresent: Object 'Object Repository/HomePage/Fancy Box Close Button' is present

2017-12-26 11:10:01 - [MESSAGE][WARNING] - Timeout '0' is invalid. Using default page load timeout: '30'

2017-12-26 11:10:12 - [MESSAGE][PASSED] - Object 'Object Repository/HomePage/Fancy Box Close Button' is present

2017-12-26 11:10:12 - [TEST_STEP][PASSED] - click: Object: 'Object Repository/HomePage/Fancy Box Close Button' is clicked on

2017-12-26 11:10:15 - [MESSAGE][PASSED] - Object: 'Object Repository/HomePage/Fancy Box Close Button' is clicked on

2017-12-26 11:10:15 - [TEST_STEP][PASSED] - waitForElementClickable: Object 'Object Repository/HomePage/My Account TopLink' is clickable

2017-12-26 11:10:15 - [MESSAGE][WARNING] - Timeout '0' is invalid. Using default page load timeout: '30'

2017-12-26 11:10:17 - [MESSAGE][PASSED] - Object 'Object Repository/HomePage/My Account TopLink' is clickable

2017-12-26 11:10:17 - [MESSAGE][PASSED] - Call Test Case 'Test Cases/UnitCases/closeFancyPopUp' successfully

2017-12-26 11:10:17 - [MESSAGE][PASSED] - Call Test Case 'Test Cases/UnitCases/openSite' successfully

2017-12-26 11:10:17 - [TEST_STEP][PASSED] - callTestCase: Call Test Case 'Test Cases/UnitCases/login' successfully

2017-12-26 11:10:17 - [TEST_CASE][PASSED] - Test Cases/UnitCases/login: Test Cases/UnitCases/login

2017-12-26 11:10:17 - [TEST_STEP][PASSED] - click: Object: 'Object Repository/HomePage/My Account TopLink' is clicked on

2017-12-26 11:10:23 - [MESSAGE][PASSED] - Object: 'Object Repository/HomePage/My Account TopLink' is clicked on

2017-12-26 11:10:23 - [TEST_STEP][PASSED] - waitForPageLoad: Wait for page load successfully

2017-12-26 11:10:23 - [MESSAGE][WARNING] - Timeout '0' is invalid. Using default page load timeout: '30'

2017-12-26 11:10:23 - [MESSAGE][PASSED] - Wait for page load successfully

2017-12-26 11:10:23 - [TEST_STEP][PASSED] - setText: Text 'rbdtest@mailinator.com' is set on object 'Object Repository/LoginPage/Login Input Field'

2017-12-26 11:10:23 - [MESSAGE][PASSED] - Text 'rbdtest@mailinator.com' is set on object 'Object Repository/LoginPage/Login Input Field'

2017-12-26 11:10:23 - [TEST_STEP][PASSED] - setText: Text 'Password123' is set on object 'Object Repository/LoginPage/Password Input Field'

2017-12-26 11:10:24 - [MESSAGE][PASSED] - Text 'Password123' is set on object 'Object Repository/LoginPage/Password Input Field'

2017-12-26 11:10:24 - [TEST_STEP][PASSED] - click: Object: 'Object Repository/LoginPage/Login Button' is clicked on

2017-12-26 11:10:38 - [MESSAGE][PASSED] - Object: 'Object Repository/LoginPage/Login Button' is clicked on

2017-12-26 11:10:38 - [TEST_STEP][PASSED] - waitForPageLoad: Wait for page load successfully

2017-12-26 11:10:38 - [MESSAGE][WARNING] - Timeout '0' is invalid. Using default page load timeout: '30'

2017-12-26 11:10:38 - [MESSAGE][PASSED] - Wait for page load successfully

2017-12-26 11:10:38 - [MESSAGE][PASSED] - Call Test Case 'Test Cases/UnitCases/login' successfully

2017-12-26 11:10:38 - [TEST_STEP][PASSED] - verifyElementPresent: Object 'Object Repository/HomePage/Welcome Message' is present

2017-12-26 11:10:38 - [MESSAGE][WARNING] - Timeout '0' is invalid. Using default page load timeout: '30'

2017-12-26 11:10:39 - [MESSAGE][PASSED] - Object 'Object Repository/HomePage/Welcome Message' is present

2017-12-26 11:10:39 - [TEST_STEP][PASSED] - closeBrowser: Browser is closed

2017-12-26 11:10:40 - [MESSAGE][PASSED] - Browser is closed]]></system-out>
         <system-err><![CDATA[]]></system-err>
      </testcase>
      <system-out><![CDATA[2017-12-26 11:09:42 - [TEST_SUITE][PASSED] - Core: Test Cases/AllCases/SEP_FA_CustomerLogin]]></system-out>
      <system-err><![CDATA[]]></system-err>
   </testsuite>
</testsuites>
